<?xml version="1.0" encoding="UTF-8"?>
<!-- Generated by org.testng.reporters.JUnitReportReporter -->
<testsuite hostname="LAPTOP-PU8VKKP8" failures="0" tests="1" name="testng.AnnotationsTest" time="0.006" errors="0" timestamp="2022-06-29T23:10:09 IST" skipped="0">
  <testcase classname="testng.AnnotationsTest" name="Test1" time="0.006"/>
  <system-out/>
</testsuite> <!-- testng.AnnotationsTest -->
