<?xml version="1.0" encoding="UTF-8"?>
<!-- Generated by org.testng.reporters.JUnitReportReporter -->
<testsuite hostname="LAPTOP-PU8VKKP8" failures="0" tests="2" name="testng.OrangeTestNG" time="15.678" errors="0" timestamp="2022-06-30T22:34:05 IST" skipped="0">
  <testcase classname="testng.OrangeTestNG" name="OrangeInvalid" time="13.217"/>
  <system-out/>
  <testcase classname="testng.OrangeTestNG" name="OrangeMsg" time="2.461"/>
  <system-out/>
</testsuite> <!-- testng.OrangeTestNG -->
