<?xml version="1.0" encoding="UTF-8"?>
<!-- Generated by org.testng.reporters.JUnitReportReporter -->
<testsuite hostname="LAPTOP-PU8VKKP8" failures="0" tests="1" name="testng.OrangeHRm" time="14.650" errors="0" timestamp="2022-07-01T08:01:15 IST" skipped="0">
  <testcase classname="testng.OrangeHRm" name="ValidLogin" time="14.650"/>
  <system-out/>
</testsuite> <!-- testng.OrangeHRm -->
